TOR|server_connection_manager.cpp[14893:139968418719488]::ServerConnectionManager[26]: this: 0x7f4ce8000ba8
TOR|tcp_server.cpp[14893:139968418719488]::TcpServer[51]: this: 0x7f4ce8000b20
TRC3|tcp_server.cpp[14893:139968418719488]::p_start_accept[127]: 
TOR|connection_handler.cpp[14893:139968418719488]::ConnectionHandler[22]: this: 0x7f4ce80019a0
TRC3|tcp_server.cpp[14893:139968418719488]::p_handle_accept[150]: got a connection 10
TRC3|server_connection_manager.cpp[14893:139968418719488]::registerConnectionHandler[59]: registerConnectionHandler num connections:  0
TRC3|server_connection_manager.cpp[14893:139968418719488]::allowAnotherConnection[34]:  num conn:  1  max:  35
TRC3|tcp_server.cpp[14893:139968418719488]::operator()[160]: allowAnother Callback
TRC3|tcp_server.cpp[14893:139968418719488]::p_start_accept[127]: 
TOR|connection_handler.cpp[14893:139968418719488]::ConnectionHandler[22]: this: 0x7f4ce8001a20
TRC3|connection_handler.cpp[14893:139968418719488]::serve[61]: ConnectionHandler Server uuid:  f8c4caa6-0b22-453b-98d3-faf6f5879df3  fd: 10
TRC3|connection_handler.cpp[14893:139968418719488]::operator()[63]: ConnectionHandler Handler done() call back uuid:  f8c4caa6-0b22-453b-98d3-faf6f5879df3  fd: 10
TRC3|server_connection_manager.cpp[14893:139968418719488]::deregister[76]: deregister nativeSocket::  10
TRC3|server_connection_manager.cpp[14893:139968418719488]::deregister[77]: deregister num connections::  1
TRC3|connection_handler.cpp[14893:139968418719488]::~ConnectionHandler[39]:  ConnectionHandler destructor
TRC3|server_connection_manager.cpp[14893:139968418719488]::p_deregister[119]:  p_deregister num connections :  0  num FDs:  1024  m_callback != null 0
TRC3|server_connection_manager.cpp[14893:139968418719488]::deregister[84]:  num conn:  0  used FDS:  1024
TRC3|tcp_server.cpp[14893:139968418719488]::p_handle_accept[150]: got a connection 12
TRC3|server_connection_manager.cpp[14893:139968418719488]::registerConnectionHandler[59]: registerConnectionHandler num connections:  0
TRC3|server_connection_manager.cpp[14893:139968418719488]::allowAnotherConnection[34]:  num conn:  1  max:  35
TRC3|tcp_server.cpp[14893:139968418719488]::operator()[160]: allowAnother Callback
TRC3|tcp_server.cpp[14893:139968418719488]::p_start_accept[127]: 
TOR|connection_handler.cpp[14893:139968418719488]::ConnectionHandler[22]: this: 0x7f4ce80019a0
TRC3|connection_handler.cpp[14893:139968418719488]::serve[61]: ConnectionHandler Server uuid:  a9fe5b23-8620-43b0-a11e-5e381303d760  fd: 12
TRC3|connection_handler.cpp[14893:139968418719488]::operator()[63]: ConnectionHandler Handler done() call back uuid:  a9fe5b23-8620-43b0-a11e-5e381303d760  fd: 12
TRC3|server_connection_manager.cpp[14893:139968418719488]::deregister[76]: deregister nativeSocket::  12
TRC3|server_connection_manager.cpp[14893:139968418719488]::deregister[77]: deregister num connections::  1
TRC3|connection_handler.cpp[14893:139968418719488]::~ConnectionHandler[39]:  ConnectionHandler destructor
TRC3|server_connection_manager.cpp[14893:139968418719488]::p_deregister[119]:  p_deregister num connections :  0  num FDs:  1024  m_callback != null 0
TRC3|server_connection_manager.cpp[14893:139968418719488]::deregister[84]:  num conn:  0  used FDS:  1024
TRC3|tcp_server.cpp[14893:139968418719488]::p_handle_accept[150]: got a connection 14
TRC3|server_connection_manager.cpp[14893:139968418719488]::registerConnectionHandler[59]: registerConnectionHandler num connections:  0
TRC3|server_connection_manager.cpp[14893:139968418719488]::allowAnotherConnection[34]:  num conn:  1  max:  35
TRC3|tcp_server.cpp[14893:139968418719488]::operator()[160]: allowAnother Callback
TRC3|tcp_server.cpp[14893:139968418719488]::p_start_accept[127]: 
TOR|connection_handler.cpp[14893:139968418719488]::ConnectionHandler[22]: this: 0x7f4ce8001a20
TRC3|connection_handler.cpp[14893:139968418719488]::serve[61]: ConnectionHandler Server uuid:  b027d663-eb36-41ae-a4e2-1694f1d453d7  fd: 14
TRC3|connection_handler.cpp[14893:139968418719488]::operator()[63]: ConnectionHandler Handler done() call back uuid:  b027d663-eb36-41ae-a4e2-1694f1d453d7  fd: 14
TRC3|server_connection_manager.cpp[14893:139968418719488]::deregister[76]: deregister nativeSocket::  14
TRC3|server_connection_manager.cpp[14893:139968418719488]::deregister[77]: deregister num connections::  1
TRC3|connection_handler.cpp[14893:139968418719488]::~ConnectionHandler[39]:  ConnectionHandler destructor
TRC3|server_connection_manager.cpp[14893:139968418719488]::p_deregister[119]:  p_deregister num connections :  0  num FDs:  1024  m_callback != null 0
TRC3|server_connection_manager.cpp[14893:139968418719488]::deregister[84]:  num conn:  0  used FDS:  1024
TRC3|tcp_server.cpp[14893:139968418719488]::p_handle_accept[150]: got a connection 16
TRC3|server_connection_manager.cpp[14893:139968418719488]::registerConnectionHandler[59]: registerConnectionHandler num connections:  0
TRC3|server_connection_manager.cpp[14893:139968418719488]::allowAnotherConnection[34]:  num conn:  1  max:  35
TRC3|tcp_server.cpp[14893:139968418719488]::operator()[160]: allowAnother Callback
TRC3|tcp_server.cpp[14893:139968418719488]::p_start_accept[127]: 
TOR|connection_handler.cpp[14893:139968418719488]::ConnectionHandler[22]: this: 0x7f4ce80019a0
TRC3|connection_handler.cpp[14893:139968418719488]::serve[61]: ConnectionHandler Server uuid:  304d0175-abb2-4ceb-9c5b-67952a2bc850  fd: 16
TRC3|connection_handler.cpp[14893:139968418719488]::operator()[63]: ConnectionHandler Handler done() call back uuid:  304d0175-abb2-4ceb-9c5b-67952a2bc850  fd: 16
TRC3|server_connection_manager.cpp[14893:139968418719488]::deregister[76]: deregister nativeSocket::  16
TRC3|server_connection_manager.cpp[14893:139968418719488]::deregister[77]: deregister num connections::  1
TRC3|connection_handler.cpp[14893:139968418719488]::~ConnectionHandler[39]:  ConnectionHandler destructor
TRC3|server_connection_manager.cpp[14893:139968418719488]::p_deregister[119]:  p_deregister num connections :  0  num FDs:  1024  m_callback != null 0
TRC3|server_connection_manager.cpp[14893:139968418719488]::deregister[84]:  num conn:  0  used FDS:  1024
TRC3|tcp_server.cpp[14893:139968418719488]::p_handle_accept[150]: got a connection 18
TRC3|server_connection_manager.cpp[14893:139968418719488]::registerConnectionHandler[59]: registerConnectionHandler num connections:  0
TRC3|server_connection_manager.cpp[14893:139968418719488]::allowAnotherConnection[34]:  num conn:  1  max:  35
TRC3|tcp_server.cpp[14893:139968418719488]::operator()[160]: allowAnother Callback
TRC3|tcp_server.cpp[14893:139968418719488]::p_start_accept[127]: 
TOR|connection_handler.cpp[14893:139968418719488]::ConnectionHandler[22]: this: 0x7f4ce8001a20
TRC3|connection_handler.cpp[14893:139968418719488]::serve[61]: ConnectionHandler Server uuid:  d00d694c-9759-43bc-a66f-77a11c4bb2de  fd: 18
TRC3|connection_handler.cpp[14893:139968418719488]::operator()[63]: ConnectionHandler Handler done() call back uuid:  d00d694c-9759-43bc-a66f-77a11c4bb2de  fd: 18
TRC3|server_connection_manager.cpp[14893:139968418719488]::deregister[76]: deregister nativeSocket::  18
TRC3|server_connection_manager.cpp[14893:139968418719488]::deregister[77]: deregister num connections::  1
TRC3|connection_handler.cpp[14893:139968418719488]::~ConnectionHandler[39]:  ConnectionHandler destructor
TRC3|server_connection_manager.cpp[14893:139968418719488]::p_deregister[119]:  p_deregister num connections :  0  num FDs:  1024  m_callback != null 0
TRC3|server_connection_manager.cpp[14893:139968418719488]::deregister[84]:  num conn:  0  used FDS:  1024
TRC3|tcp_server.cpp[14893:139968418719488]::p_handle_accept[150]: got a connection 20
TRC3|server_connection_manager.cpp[14893:139968418719488]::registerConnectionHandler[59]: registerConnectionHandler num connections:  0
TRC3|server_connection_manager.cpp[14893:139968418719488]::allowAnotherConnection[34]:  num conn:  1  max:  35
TRC3|tcp_server.cpp[14893:139968418719488]::operator()[160]: allowAnother Callback
TRC3|tcp_server.cpp[14893:139968418719488]::p_start_accept[127]: 
TOR|connection_handler.cpp[14893:139968418719488]::ConnectionHandler[22]: this: 0x7f4ce88edf90
TRC3|connection_handler.cpp[14893:139968418719488]::serve[61]: ConnectionHandler Server uuid:  21cfaaab-aeec-472e-966b-81b58a3679dd  fd: 20
TRC3|connection_handler.cpp[14893:139968418719488]::operator()[63]: ConnectionHandler Handler done() call back uuid:  21cfaaab-aeec-472e-966b-81b58a3679dd  fd: 20
TRC3|server_connection_manager.cpp[14893:139968418719488]::deregister[76]: deregister nativeSocket::  20
TRC3|server_connection_manager.cpp[14893:139968418719488]::deregister[77]: deregister num connections::  1
TRC3|connection_handler.cpp[14893:139968418719488]::~ConnectionHandler[39]:  ConnectionHandler destructor
TRC3|server_connection_manager.cpp[14893:139968418719488]::p_deregister[119]:  p_deregister num connections :  0  num FDs:  1024  m_callback != null 0
TRC3|server_connection_manager.cpp[14893:139968418719488]::deregister[84]:  num conn:  0  used FDS:  1024
TRC3|tcp_server.cpp[14893:139968418719488]::p_handle_accept[150]: got a connection 22
TRC3|server_connection_manager.cpp[14893:139968418719488]::registerConnectionHandler[59]: registerConnectionHandler num connections:  0
TRC3|server_connection_manager.cpp[14893:139968418719488]::allowAnotherConnection[34]:  num conn:  1  max:  35
TRC3|tcp_server.cpp[14893:139968418719488]::operator()[160]: allowAnother Callback
TRC3|tcp_server.cpp[14893:139968418719488]::p_start_accept[127]: 
TOR|connection_handler.cpp[14893:139968418719488]::ConnectionHandler[22]: this: 0x7f4ce8001a20
TRC3|connection_handler.cpp[14893:139968418719488]::serve[61]: ConnectionHandler Server uuid:  229a10d6-ae9d-4f0c-8a14-fe53be614b6f  fd: 22
TRC3|connection_handler.cpp[14893:139968418719488]::operator()[63]: ConnectionHandler Handler done() call back uuid:  229a10d6-ae9d-4f0c-8a14-fe53be614b6f  fd: 22
TRC3|server_connection_manager.cpp[14893:139968418719488]::deregister[76]: deregister nativeSocket::  22
TRC3|server_connection_manager.cpp[14893:139968418719488]::deregister[77]: deregister num connections::  1
TRC3|connection_handler.cpp[14893:139968418719488]::~ConnectionHandler[39]:  ConnectionHandler destructor
TRC3|server_connection_manager.cpp[14893:139968418719488]::p_deregister[119]:  p_deregister num connections :  0  num FDs:  1024  m_callback != null 0
TRC3|server_connection_manager.cpp[14893:139968418719488]::deregister[84]:  num conn:  0  used FDS:  1024
